000 (1787861.000.000) 01/29 12:59:27 Job submitted from host: <192.168.1.109:9809>
...
001 (1787861.000.000) 01/29 13:12:47 Job executing on host: <192.168.1.65:9843>
...
006 (1787861.000.000) 01/29 13:12:55 Image size of job updated: 320376
	114  -  MemoryUsage of job (MB)
	115852  -  ResidentSetSize of job (KB)
...
005 (1787861.000.000) 01/29 13:14:12 Job terminated.
	(1) Normal termination (return value 0)
		Usr 0 00:01:13, Sys 0 00:00:01  -  Run Remote Usage
		Usr 0 00:00:00, Sys 0 00:00:00  -  Run Local Usage
		Usr 0 00:01:13, Sys 0 00:00:01  -  Total Remote Usage
		Usr 0 00:00:00, Sys 0 00:00:00  -  Total Local Usage
	0  -  Run Bytes Sent By Job
	0  -  Run Bytes Received By Job
	0  -  Total Bytes Sent By Job
	0  -  Total Bytes Received By Job
	Partitionable Resources :    Usage  Request Allocated
	   Cpus                 :                 1         1
	   Disk (KB)            :        1        1  19564012
	   Memory (MB)          :      114        1      4033
...
