000 (1787861.110.000) 01/29 12:59:29 Job submitted from host: <192.168.1.109:9809>
...
001 (1787861.110.000) 01/29 13:16:19 Job executing on host: <192.168.1.51:9615>
...
006 (1787861.110.000) 01/29 13:16:27 Image size of job updated: 300008
	174  -  MemoryUsage of job (MB)
	177544  -  ResidentSetSize of job (KB)
...
006 (1787861.110.000) 01/29 13:17:26 Image size of job updated: 300180
	174  -  MemoryUsage of job (MB)
	177544  -  ResidentSetSize of job (KB)
...
005 (1787861.110.000) 01/29 13:17:26 Job terminated.
	(1) Normal termination (return value 0)
		Usr 0 00:01:01, Sys 0 00:00:01  -  Run Remote Usage
		Usr 0 00:00:00, Sys 0 00:00:00  -  Run Local Usage
		Usr 0 00:01:01, Sys 0 00:00:01  -  Total Remote Usage
		Usr 0 00:00:00, Sys 0 00:00:00  -  Total Local Usage
	0  -  Run Bytes Sent By Job
	0  -  Run Bytes Received By Job
	0  -  Total Bytes Sent By Job
	0  -  Total Bytes Received By Job
	Partitionable Resources :    Usage  Request Allocated
	   Cpus                 :                 1         1
	   Disk (KB)            :        1        1  28381811
	   Memory (MB)          :      174        1      4033
...
