000 (1787861.126.000) 01/29 12:59:29 Job submitted from host: <192.168.1.109:9809>
...
001 (1787861.126.000) 01/29 13:16:40 Job executing on host: <192.168.1.57:9877>
...
006 (1787861.126.000) 01/29 13:16:48 Image size of job updated: 31424
	4  -  MemoryUsage of job (MB)
	4092  -  ResidentSetSize of job (KB)
...
006 (1787861.126.000) 01/29 13:17:33 Image size of job updated: 300056
	4  -  MemoryUsage of job (MB)
	4092  -  ResidentSetSize of job (KB)
...
005 (1787861.126.000) 01/29 13:17:33 Job terminated.
	(1) Normal termination (return value 0)
		Usr 0 00:00:42, Sys 0 00:00:00  -  Run Remote Usage
		Usr 0 00:00:00, Sys 0 00:00:00  -  Run Local Usage
		Usr 0 00:00:42, Sys 0 00:00:00  -  Total Remote Usage
		Usr 0 00:00:00, Sys 0 00:00:00  -  Total Local Usage
	0  -  Run Bytes Sent By Job
	0  -  Run Bytes Received By Job
	0  -  Total Bytes Sent By Job
	0  -  Total Bytes Received By Job
	Partitionable Resources :    Usage  Request Allocated
	   Cpus                 :                 1         1
	   Disk (KB)            :        1        1  19550471
	   Memory (MB)          :        4        1      4029
...
