000 (1787861.018.000) 01/29 12:59:27 Job submitted from host: <192.168.1.109:9809>
...
001 (1787861.018.000) 01/29 13:14:10 Job executing on host: <192.168.1.49:9276>
...
006 (1787861.018.000) 01/29 13:14:19 Image size of job updated: 130200
	29  -  MemoryUsage of job (MB)
	29436  -  ResidentSetSize of job (KB)
...
006 (1787861.018.000) 01/29 13:15:21 Image size of job updated: 300132
	29  -  MemoryUsage of job (MB)
	29436  -  ResidentSetSize of job (KB)
...
005 (1787861.018.000) 01/29 13:15:21 Job terminated.
	(1) Normal termination (return value 0)
		Usr 0 00:00:57, Sys 0 00:00:01  -  Run Remote Usage
		Usr 0 00:00:00, Sys 0 00:00:00  -  Run Local Usage
		Usr 0 00:00:57, Sys 0 00:00:01  -  Total Remote Usage
		Usr 0 00:00:00, Sys 0 00:00:00  -  Total Local Usage
	0  -  Run Bytes Sent By Job
	0  -  Run Bytes Received By Job
	0  -  Total Bytes Sent By Job
	0  -  Total Bytes Received By Job
	Partitionable Resources :    Usage  Request Allocated
	   Cpus                 :                 1         1
	   Disk (KB)            :        1        1  28380400
	   Memory (MB)          :       29        1      4033
...
