000 (1787861.019.000) 01/29 12:59:27 Job submitted from host: <192.168.1.109:9809>
...
001 (1787861.019.000) 01/29 13:14:31 Job executing on host: <192.168.1.50:9198>
...
006 (1787861.019.000) 01/29 13:14:39 Image size of job updated: 300016
	174  -  MemoryUsage of job (MB)
	177264  -  ResidentSetSize of job (KB)
...
006 (1787861.019.000) 01/29 13:15:37 Image size of job updated: 300124
	174  -  MemoryUsage of job (MB)
	177264  -  ResidentSetSize of job (KB)
...
005 (1787861.019.000) 01/29 13:15:37 Job terminated.
	(1) Normal termination (return value 0)
		Usr 0 00:00:48, Sys 0 00:00:00  -  Run Remote Usage
		Usr 0 00:00:00, Sys 0 00:00:00  -  Run Local Usage
		Usr 0 00:00:48, Sys 0 00:00:00  -  Total Remote Usage
		Usr 0 00:00:00, Sys 0 00:00:00  -  Total Local Usage
	0  -  Run Bytes Sent By Job
	0  -  Run Bytes Received By Job
	0  -  Total Bytes Sent By Job
	0  -  Total Bytes Received By Job
	Partitionable Resources :    Usage  Request Allocated
	   Cpus                 :                 1         1
	   Disk (KB)            :        1        1  28381308
	   Memory (MB)          :      174        1      4033
...
