000 (1787861.002.000) 01/29 12:59:27 Job submitted from host: <192.168.1.109:9809>
...
001 (1787861.002.000) 01/29 13:12:47 Job executing on host: <192.168.1.68:9180>
...
006 (1787861.002.000) 01/29 13:12:56 Image size of job updated: 1
	3  -  MemoryUsage of job (MB)
	2168  -  ResidentSetSize of job (KB)
...
006 (1787861.002.000) 01/29 13:14:36 Image size of job updated: 300124
	3  -  MemoryUsage of job (MB)
	2168  -  ResidentSetSize of job (KB)
...
005 (1787861.002.000) 01/29 13:14:36 Job terminated.
	(1) Normal termination (return value 0)
		Usr 0 00:01:39, Sys 0 00:00:01  -  Run Remote Usage
		Usr 0 00:00:00, Sys 0 00:00:00  -  Run Local Usage
		Usr 0 00:01:39, Sys 0 00:00:01  -  Total Remote Usage
		Usr 0 00:00:00, Sys 0 00:00:00  -  Total Local Usage
	0  -  Run Bytes Sent By Job
	0  -  Run Bytes Received By Job
	0  -  Total Bytes Sent By Job
	0  -  Total Bytes Received By Job
	Partitionable Resources :    Usage  Request Allocated
	   Cpus                 :                 1         1
	   Disk (KB)            :        1        1  20251255
	   Memory (MB)          :        3        1      4038
...
