000 (1787861.203.000) 01/29 12:59:29 Job submitted from host: <192.168.1.109:9809>
...
001 (1787861.203.000) 01/29 13:17:45 Job executing on host: <192.168.1.53:9705>
...
006 (1787861.203.000) 01/29 13:17:53 Image size of job updated: 299884
	166  -  MemoryUsage of job (MB)
	169668  -  ResidentSetSize of job (KB)
...
006 (1787861.203.000) 01/29 13:18:34 Image size of job updated: 300096
	166  -  MemoryUsage of job (MB)
	169668  -  ResidentSetSize of job (KB)
...
005 (1787861.203.000) 01/29 13:18:34 Job terminated.
	(1) Normal termination (return value 0)
		Usr 0 00:00:43, Sys 0 00:00:00  -  Run Remote Usage
		Usr 0 00:00:00, Sys 0 00:00:00  -  Run Local Usage
		Usr 0 00:00:43, Sys 0 00:00:00  -  Total Remote Usage
		Usr 0 00:00:00, Sys 0 00:00:00  -  Total Local Usage
	0  -  Run Bytes Sent By Job
	0  -  Run Bytes Received By Job
	0  -  Total Bytes Sent By Job
	0  -  Total Bytes Received By Job
	Partitionable Resources :    Usage  Request Allocated
	   Cpus                 :                 1         1
	   Disk (KB)            :        1        1  18591862
	   Memory (MB)          :      166        1      4029
...
