000 (1787861.032.000) 01/29 12:59:27 Job submitted from host: <192.168.1.109:9809>
...
001 (1787861.032.000) 01/29 13:14:52 Job executing on host: <192.168.1.50:9198>
...
006 (1787861.032.000) 01/29 13:15:01 Image size of job updated: 118704
	22  -  MemoryUsage of job (MB)
	21840  -  ResidentSetSize of job (KB)
...
006 (1787861.032.000) 01/29 13:16:03 Image size of job updated: 300060
	22  -  MemoryUsage of job (MB)
	21840  -  ResidentSetSize of job (KB)
...
005 (1787861.032.000) 01/29 13:16:03 Job terminated.
	(1) Normal termination (return value 0)
		Usr 0 00:01:00, Sys 0 00:00:01  -  Run Remote Usage
		Usr 0 00:00:00, Sys 0 00:00:00  -  Run Local Usage
		Usr 0 00:01:00, Sys 0 00:00:01  -  Total Remote Usage
		Usr 0 00:00:00, Sys 0 00:00:00  -  Total Local Usage
	0  -  Run Bytes Sent By Job
	0  -  Run Bytes Received By Job
	0  -  Total Bytes Sent By Job
	0  -  Total Bytes Received By Job
	Partitionable Resources :    Usage  Request Allocated
	   Cpus                 :                 1         1
	   Disk (KB)            :        1        1  28381307
	   Memory (MB)          :       22        1      4033
...
