000 (1787861.347.000) 01/29 12:59:31 Job submitted from host: <192.168.1.109:9809>
...
001 (1787861.347.000) 01/29 13:19:15 Job executing on host: <192.168.1.63:9310>
...
006 (1787861.347.000) 01/29 13:19:23 Image size of job updated: 300060
	170  -  MemoryUsage of job (MB)
	173188  -  ResidentSetSize of job (KB)
...
006 (1787861.347.000) 01/29 13:20:35 Image size of job updated: 300120
	170  -  MemoryUsage of job (MB)
	173188  -  ResidentSetSize of job (KB)
...
005 (1787861.347.000) 01/29 13:20:35 Job terminated.
	(1) Normal termination (return value 0)
		Usr 0 00:01:06, Sys 0 00:00:01  -  Run Remote Usage
		Usr 0 00:00:00, Sys 0 00:00:00  -  Run Local Usage
		Usr 0 00:01:06, Sys 0 00:00:01  -  Total Remote Usage
		Usr 0 00:00:00, Sys 0 00:00:00  -  Total Local Usage
	0  -  Run Bytes Sent By Job
	0  -  Run Bytes Received By Job
	0  -  Total Bytes Sent By Job
	0  -  Total Bytes Received By Job
	Partitionable Resources :    Usage  Request Allocated
	   Cpus                 :                 1         1
	   Disk (KB)            :        1        1  19564229
	   Memory (MB)          :      170        1      4033
...
