000 (1787861.348.000) 01/29 12:59:31 Job submitted from host: <192.168.1.109:9809>
...
001 (1787861.348.000) 01/29 13:19:15 Job executing on host: <192.168.1.61:9630>
...
006 (1787861.348.000) 01/29 13:19:23 Image size of job updated: 299260
	173  -  MemoryUsage of job (MB)
	177032  -  ResidentSetSize of job (KB)
...
006 (1787861.348.000) 01/29 13:20:05 Image size of job updated: 300088
	173  -  MemoryUsage of job (MB)
	177032  -  ResidentSetSize of job (KB)
...
005 (1787861.348.000) 01/29 13:20:05 Job terminated.
	(1) Normal termination (return value 0)
		Usr 0 00:00:47, Sys 0 00:00:00  -  Run Remote Usage
		Usr 0 00:00:00, Sys 0 00:00:00  -  Run Local Usage
		Usr 0 00:00:47, Sys 0 00:00:00  -  Total Remote Usage
		Usr 0 00:00:00, Sys 0 00:00:00  -  Total Local Usage
	0  -  Run Bytes Sent By Job
	0  -  Run Bytes Received By Job
	0  -  Total Bytes Sent By Job
	0  -  Total Bytes Received By Job
	Partitionable Resources :    Usage  Request Allocated
	   Cpus                 :                 1         1
	   Disk (KB)            :        1        1  19550495
	   Memory (MB)          :      173        1      4029
...
