000 (1787861.370.000) 01/29 12:59:32 Job submitted from host: <192.168.1.109:9809>
...
001 (1787861.370.000) 01/29 13:19:16 Job executing on host: <192.168.1.47:9499>
...
006 (1787861.370.000) 01/29 13:19:17 Image size of job updated: 121796
	0  -  MemoryUsage of job (MB)
	0  -  ResidentSetSize of job (KB)
...
005 (1787861.370.000) 01/29 13:19:17 Job terminated.
	(1) Normal termination (return value 0)
		Usr 0 00:00:00, Sys 0 00:00:00  -  Run Remote Usage
		Usr 0 00:00:00, Sys 0 00:00:00  -  Run Local Usage
		Usr 0 00:00:00, Sys 0 00:00:00  -  Total Remote Usage
		Usr 0 00:00:00, Sys 0 00:00:00  -  Total Local Usage
	0  -  Run Bytes Sent By Job
	0  -  Run Bytes Received By Job
	0  -  Total Bytes Sent By Job
	0  -  Total Bytes Received By Job
	Partitionable Resources :    Usage  Request Allocated
	   Cpus                 :                 1         1
	   Disk (KB)            :        1        1  28379837
	   Memory (MB)          :        0        1      4033
...
