000 (1787861.399.000) 01/29 12:59:32 Job submitted from host: <192.168.1.109:9809>
...
001 (1787861.399.000) 01/29 13:19:37 Job executing on host: <192.168.1.47:9499>
...
006 (1787861.399.000) 01/29 13:19:46 Image size of job updated: 320376
	163  -  MemoryUsage of job (MB)
	166828  -  ResidentSetSize of job (KB)
...
005 (1787861.399.000) 01/29 13:20:48 Job terminated.
	(1) Normal termination (return value 0)
		Usr 0 00:01:04, Sys 0 00:00:01  -  Run Remote Usage
		Usr 0 00:00:00, Sys 0 00:00:00  -  Run Local Usage
		Usr 0 00:01:04, Sys 0 00:00:01  -  Total Remote Usage
		Usr 0 00:00:00, Sys 0 00:00:00  -  Total Local Usage
	0  -  Run Bytes Sent By Job
	0  -  Run Bytes Received By Job
	0  -  Total Bytes Sent By Job
	0  -  Total Bytes Received By Job
	Partitionable Resources :    Usage  Request Allocated
	   Cpus                 :                 1         1
	   Disk (KB)            :        1        1  28379828
	   Memory (MB)          :      163        1      4033
...
