000 (1787861.459.000) 01/29 12:59:33 Job submitted from host: <192.168.1.109:9809>
...
001 (1787861.459.000) 01/29 13:20:21 Job executing on host: <192.168.1.60:9114>
...
006 (1787861.459.000) 01/29 13:20:30 Image size of job updated: 66264
	9  -  MemoryUsage of job (MB)
	8640  -  ResidentSetSize of job (KB)
...
006 (1787861.459.000) 01/29 13:21:27 Image size of job updated: 299956
	9  -  MemoryUsage of job (MB)
	8640  -  ResidentSetSize of job (KB)
...
005 (1787861.459.000) 01/29 13:21:27 Job terminated.
	(1) Normal termination (return value 0)
		Usr 0 00:01:02, Sys 0 00:00:00  -  Run Remote Usage
		Usr 0 00:00:00, Sys 0 00:00:00  -  Run Local Usage
		Usr 0 00:01:02, Sys 0 00:00:00  -  Total Remote Usage
		Usr 0 00:00:00, Sys 0 00:00:00  -  Total Local Usage
	0  -  Run Bytes Sent By Job
	0  -  Run Bytes Received By Job
	0  -  Total Bytes Sent By Job
	0  -  Total Bytes Received By Job
	Partitionable Resources :    Usage  Request Allocated
	   Cpus                 :                 1         1
	   Disk (KB)            :        1        1  19549912
	   Memory (MB)          :        9        1      4029
...
