000 (1787861.470.000) 01/29 12:59:33 Job submitted from host: <192.168.1.109:9809>
...
001 (1787861.470.000) 01/29 13:20:22 Job executing on host: <192.168.1.50:9198>
...
006 (1787861.470.000) 01/29 13:20:30 Image size of job updated: 159840
	35  -  MemoryUsage of job (MB)
	35756  -  ResidentSetSize of job (KB)
...
006 (1787861.470.000) 01/29 13:21:25 Image size of job updated: 300184
	35  -  MemoryUsage of job (MB)
	35756  -  ResidentSetSize of job (KB)
...
005 (1787861.470.000) 01/29 13:21:25 Job terminated.
	(1) Normal termination (return value 0)
		Usr 0 00:00:57, Sys 0 00:00:01  -  Run Remote Usage
		Usr 0 00:00:00, Sys 0 00:00:00  -  Run Local Usage
		Usr 0 00:00:57, Sys 0 00:00:01  -  Total Remote Usage
		Usr 0 00:00:00, Sys 0 00:00:00  -  Total Local Usage
	0  -  Run Bytes Sent By Job
	0  -  Run Bytes Received By Job
	0  -  Total Bytes Sent By Job
	0  -  Total Bytes Received By Job
	Partitionable Resources :    Usage  Request Allocated
	   Cpus                 :                 1         1
	   Disk (KB)            :        1        1  28381272
	   Memory (MB)          :       35        1      4033
...
