000 (1787861.480.000) 01/29 12:59:33 Job submitted from host: <192.168.1.109:9809>
...
001 (1787861.480.000) 01/29 13:20:22 Job executing on host: <192.168.1.68:9180>
...
006 (1787861.480.000) 01/29 13:20:31 Image size of job updated: 299904
	174  -  MemoryUsage of job (MB)
	177448  -  ResidentSetSize of job (KB)
...
006 (1787861.480.000) 01/29 13:22:00 Image size of job updated: 300136
	174  -  MemoryUsage of job (MB)
	177448  -  ResidentSetSize of job (KB)
...
005 (1787861.480.000) 01/29 13:22:00 Job terminated.
	(1) Normal termination (return value 0)
		Usr 0 00:01:26, Sys 0 00:00:01  -  Run Remote Usage
		Usr 0 00:00:00, Sys 0 00:00:00  -  Run Local Usage
		Usr 0 00:01:26, Sys 0 00:00:01  -  Total Remote Usage
		Usr 0 00:00:00, Sys 0 00:00:00  -  Total Local Usage
	0  -  Run Bytes Sent By Job
	0  -  Run Bytes Received By Job
	0  -  Total Bytes Sent By Job
	0  -  Total Bytes Received By Job
	Partitionable Resources :    Usage  Request Allocated
	   Cpus                 :                 1         1
	   Disk (KB)            :        1        1  20251232
	   Memory (MB)          :      174        1      4038
...
