000 (1787861.496.000) 01/29 12:59:33 Job submitted from host: <192.168.1.109:9809>
...
001 (1787861.496.000) 01/29 13:20:44 Job executing on host: <192.168.1.48:9045>
...
006 (1787861.496.000) 01/29 13:20:52 Image size of job updated: 300056
	165  -  MemoryUsage of job (MB)
	168808  -  ResidentSetSize of job (KB)
...
006 (1787861.496.000) 01/29 13:21:41 Image size of job updated: 300148
	165  -  MemoryUsage of job (MB)
	168808  -  ResidentSetSize of job (KB)
...
005 (1787861.496.000) 01/29 13:21:41 Job terminated.
	(1) Normal termination (return value 0)
		Usr 0 00:00:54, Sys 0 00:00:01  -  Run Remote Usage
		Usr 0 00:00:00, Sys 0 00:00:00  -  Run Local Usage
		Usr 0 00:00:54, Sys 0 00:00:01  -  Total Remote Usage
		Usr 0 00:00:00, Sys 0 00:00:00  -  Total Local Usage
	0  -  Run Bytes Sent By Job
	0  -  Run Bytes Received By Job
	0  -  Total Bytes Sent By Job
	0  -  Total Bytes Received By Job
	Partitionable Resources :    Usage  Request Allocated
	   Cpus                 :                 1         1
	   Disk (KB)            :        1        1  28381191
	   Memory (MB)          :      165        1      4033
...
