000 (1787861.519.000) 01/29 12:59:33 Job submitted from host: <192.168.1.109:9809>
...
001 (1787861.519.000) 01/29 13:21:05 Job executing on host: <192.168.1.53:9705>
...
006 (1787861.519.000) 01/29 13:21:14 Image size of job updated: 299912
	171  -  MemoryUsage of job (MB)
	174232  -  ResidentSetSize of job (KB)
...
006 (1787861.519.000) 01/29 13:21:55 Image size of job updated: 300064
	171  -  MemoryUsage of job (MB)
	174232  -  ResidentSetSize of job (KB)
...
005 (1787861.519.000) 01/29 13:21:55 Job terminated.
	(1) Normal termination (return value 0)
		Usr 0 00:00:42, Sys 0 00:00:00  -  Run Remote Usage
		Usr 0 00:00:00, Sys 0 00:00:00  -  Run Local Usage
		Usr 0 00:00:42, Sys 0 00:00:00  -  Total Remote Usage
		Usr 0 00:00:00, Sys 0 00:00:00  -  Total Local Usage
	0  -  Run Bytes Sent By Job
	0  -  Run Bytes Received By Job
	0  -  Total Bytes Sent By Job
	0  -  Total Bytes Received By Job
	Partitionable Resources :    Usage  Request Allocated
	   Cpus                 :                 1         1
	   Disk (KB)            :        1        1  18592010
	   Memory (MB)          :      171        1      4029
...
