000 (1787861.565.000) 01/29 12:59:34 Job submitted from host: <192.168.1.109:9809>
...
001 (1787861.565.000) 01/29 13:21:28 Job executing on host: <192.168.1.58:9520>
...
006 (1787861.565.000) 01/29 13:21:36 Image size of job updated: 300092
	167  -  MemoryUsage of job (MB)
	170496  -  ResidentSetSize of job (KB)
...
005 (1787861.565.000) 01/29 13:22:18 Job terminated.
	(1) Normal termination (return value 0)
		Usr 0 00:00:34, Sys 0 00:00:00  -  Run Remote Usage
		Usr 0 00:00:00, Sys 0 00:00:00  -  Run Local Usage
		Usr 0 00:00:34, Sys 0 00:00:00  -  Total Remote Usage
		Usr 0 00:00:00, Sys 0 00:00:00  -  Total Local Usage
	0  -  Run Bytes Sent By Job
	0  -  Run Bytes Received By Job
	0  -  Total Bytes Sent By Job
	0  -  Total Bytes Received By Job
	Partitionable Resources :    Usage  Request Allocated
	   Cpus                 :                 1         1
	   Disk (KB)            :        1        1  19549353
	   Memory (MB)          :      167        1      4029
...
