000 (1787861.590.000) 01/29 12:59:34 Job submitted from host: <192.168.1.109:9809>
...
001 (1787861.590.000) 01/29 13:21:30 Job executing on host: <192.168.1.68:9180>
...
006 (1787861.590.000) 01/29 13:21:39 Image size of job updated: 299936
	173  -  MemoryUsage of job (MB)
	176344  -  ResidentSetSize of job (KB)
...
006 (1787861.590.000) 01/29 13:23:13 Image size of job updated: 300156
	173  -  MemoryUsage of job (MB)
	176344  -  ResidentSetSize of job (KB)
...
005 (1787861.590.000) 01/29 13:23:13 Job terminated.
	(1) Normal termination (return value 0)
		Usr 0 00:01:37, Sys 0 00:00:01  -  Run Remote Usage
		Usr 0 00:00:00, Sys 0 00:00:00  -  Run Local Usage
		Usr 0 00:01:37, Sys 0 00:00:01  -  Total Remote Usage
		Usr 0 00:00:00, Sys 0 00:00:00  -  Total Local Usage
	0  -  Run Bytes Sent By Job
	0  -  Run Bytes Received By Job
	0  -  Total Bytes Sent By Job
	0  -  Total Bytes Received By Job
	Partitionable Resources :    Usage  Request Allocated
	   Cpus                 :                 1         1
	   Disk (KB)            :        1        1  20251225
	   Memory (MB)          :      173        1      4038
...
