000 (1787861.633.000) 01/29 12:59:34 Job submitted from host: <192.168.1.109:9809>
...
001 (1787861.633.000) 01/29 13:22:12 Job executing on host: <192.168.1.53:9705>
...
006 (1787861.633.000) 01/29 13:22:20 Image size of job updated: 300044
	174  -  MemoryUsage of job (MB)
	177888  -  ResidentSetSize of job (KB)
...
006 (1787861.633.000) 01/29 13:23:05 Image size of job updated: 300136
	174  -  MemoryUsage of job (MB)
	177888  -  ResidentSetSize of job (KB)
...
005 (1787861.633.000) 01/29 13:23:05 Job terminated.
	(1) Normal termination (return value 0)
		Usr 0 00:00:50, Sys 0 00:00:00  -  Run Remote Usage
		Usr 0 00:00:00, Sys 0 00:00:00  -  Run Local Usage
		Usr 0 00:00:50, Sys 0 00:00:00  -  Total Remote Usage
		Usr 0 00:00:00, Sys 0 00:00:00  -  Total Local Usage
	0  -  Run Bytes Sent By Job
	0  -  Run Bytes Received By Job
	0  -  Total Bytes Sent By Job
	0  -  Total Bytes Received By Job
	Partitionable Resources :    Usage  Request Allocated
	   Cpus                 :                 1         1
	   Disk (KB)            :        1        1  18591780
	   Memory (MB)          :      174        1      4029
...
