000 (1787861.689.000) 01/29 12:59:35 Job submitted from host: <192.168.1.109:9809>
...
001 (1787861.689.000) 01/29 13:22:35 Job executing on host: <192.168.1.49:9276>
...
006 (1787861.689.000) 01/29 13:22:44 Image size of job updated: 299920
	165  -  MemoryUsage of job (MB)
	168340  -  ResidentSetSize of job (KB)
...
006 (1787861.689.000) 01/29 13:23:41 Image size of job updated: 300116
	165  -  MemoryUsage of job (MB)
	168340  -  ResidentSetSize of job (KB)
...
005 (1787861.689.000) 01/29 13:23:41 Job terminated.
	(1) Normal termination (return value 0)
		Usr 0 00:01:01, Sys 0 00:00:01  -  Run Remote Usage
		Usr 0 00:00:00, Sys 0 00:00:00  -  Run Local Usage
		Usr 0 00:01:01, Sys 0 00:00:01  -  Total Remote Usage
		Usr 0 00:00:00, Sys 0 00:00:00  -  Total Local Usage
	0  -  Run Bytes Sent By Job
	0  -  Run Bytes Received By Job
	0  -  Total Bytes Sent By Job
	0  -  Total Bytes Received By Job
	Partitionable Resources :    Usage  Request Allocated
	   Cpus                 :                 1         1
	   Disk (KB)            :        1        1  28380358
	   Memory (MB)          :      165        1      4033
...
