000 (1787861.721.000) 01/29 12:59:35 Job submitted from host: <192.168.1.109:9809>
...
001 (1787861.721.000) 01/29 13:22:57 Job executing on host: <192.168.1.47:9499>
...
006 (1787861.721.000) 01/29 13:23:06 Image size of job updated: 300044
	174  -  MemoryUsage of job (MB)
	177892  -  ResidentSetSize of job (KB)
...
006 (1787861.721.000) 01/29 13:24:04 Image size of job updated: 300176
	174  -  MemoryUsage of job (MB)
	177892  -  ResidentSetSize of job (KB)
...
005 (1787861.721.000) 01/29 13:24:04 Job terminated.
	(1) Normal termination (return value 0)
		Usr 0 00:01:01, Sys 0 00:00:01  -  Run Remote Usage
		Usr 0 00:00:00, Sys 0 00:00:00  -  Run Local Usage
		Usr 0 00:01:01, Sys 0 00:00:01  -  Total Remote Usage
		Usr 0 00:00:00, Sys 0 00:00:00  -  Total Local Usage
	0  -  Run Bytes Sent By Job
	0  -  Run Bytes Received By Job
	0  -  Total Bytes Sent By Job
	0  -  Total Bytes Received By Job
	Partitionable Resources :    Usage  Request Allocated
	   Cpus                 :                 1         1
	   Disk (KB)            :        1        1  28379799
	   Memory (MB)          :      174        1      4033
...
