000 (1787861.732.000) 01/29 12:59:35 Job submitted from host: <192.168.1.109:9809>
...
001 (1787861.732.000) 01/29 13:23:18 Job executing on host: <192.168.1.54:9625>
...
006 (1787861.732.000) 01/29 13:23:27 Image size of job updated: 320372
	116  -  MemoryUsage of job (MB)
	118020  -  ResidentSetSize of job (KB)
...
005 (1787861.732.000) 01/29 13:24:08 Job terminated.
	(1) Normal termination (return value 0)
		Usr 0 00:00:43, Sys 0 00:00:00  -  Run Remote Usage
		Usr 0 00:00:00, Sys 0 00:00:00  -  Run Local Usage
		Usr 0 00:00:43, Sys 0 00:00:00  -  Total Remote Usage
		Usr 0 00:00:00, Sys 0 00:00:00  -  Total Local Usage
	0  -  Run Bytes Sent By Job
	0  -  Run Bytes Received By Job
	0  -  Total Bytes Sent By Job
	0  -  Total Bytes Received By Job
	Partitionable Resources :    Usage  Request Allocated
	   Cpus                 :                 1         1
	   Disk (KB)            :        1        1  18484711
	   Memory (MB)          :      116        1      4029
...
