000 (1787861.074.000) 01/29 12:59:28 Job submitted from host: <192.168.1.109:9809>
...
001 (1787861.074.000) 01/29 13:15:36 Job executing on host: <192.168.1.49:9276>
...
006 (1787861.074.000) 01/29 13:15:44 Image size of job updated: 391796
	264  -  MemoryUsage of job (MB)
	269328  -  ResidentSetSize of job (KB)
...
005 (1787861.074.000) 01/29 13:16:43 Job terminated.
	(1) Normal termination (return value 0)
		Usr 0 00:01:02, Sys 0 00:00:01  -  Run Remote Usage
		Usr 0 00:00:00, Sys 0 00:00:00  -  Run Local Usage
		Usr 0 00:01:02, Sys 0 00:00:01  -  Total Remote Usage
		Usr 0 00:00:00, Sys 0 00:00:00  -  Total Local Usage
	0  -  Run Bytes Sent By Job
	0  -  Run Bytes Received By Job
	0  -  Total Bytes Sent By Job
	0  -  Total Bytes Received By Job
	Partitionable Resources :    Usage  Request Allocated
	   Cpus                 :                 1         1
	   Disk (KB)            :        1        1  28380398
	   Memory (MB)          :      264        1      4033
...
