000 (1787861.093.000) 01/29 12:59:28 Job submitted from host: <192.168.1.109:9809>
...
001 (1787861.093.000) 01/29 13:15:57 Job executing on host: <192.168.1.50:9198>
...
006 (1787861.093.000) 01/29 13:16:06 Image size of job updated: 300060
	170  -  MemoryUsage of job (MB)
	173184  -  ResidentSetSize of job (KB)
...
006 (1787861.093.000) 01/29 13:17:01 Image size of job updated: 300160
	170  -  MemoryUsage of job (MB)
	173184  -  ResidentSetSize of job (KB)
...
005 (1787861.093.000) 01/29 13:17:01 Job terminated.
	(1) Normal termination (return value 0)
		Usr 0 00:00:56, Sys 0 00:00:01  -  Run Remote Usage
		Usr 0 00:00:00, Sys 0 00:00:00  -  Run Local Usage
		Usr 0 00:00:56, Sys 0 00:00:01  -  Total Remote Usage
		Usr 0 00:00:00, Sys 0 00:00:00  -  Total Local Usage
	0  -  Run Bytes Sent By Job
	0  -  Run Bytes Received By Job
	0  -  Total Bytes Sent By Job
	0  -  Total Bytes Received By Job
	Partitionable Resources :    Usage  Request Allocated
	   Cpus                 :                 1         1
	   Disk (KB)            :        1        1  28381305
	   Memory (MB)          :      170        1      4033
...
